<?xml version="1.0" encoding="UTF-8"?>
<!-- Generated by org.testng.reporters.JUnitReportReporter -->
<testsuite hostname="Venkat" failures="0" tests="1" name="TestCase_Pack.TestCase_Demo" time="16.186" errors="0" timestamp="2025-01-30T23:20:09 IST" skipped="0">
  <testcase classname="TestCase_Pack.TestCase_Demo" name="demoSide" time="16.186"/>
</testsuite> <!-- TestCase_Pack.TestCase_Demo -->
