<?xml version="1.0" encoding="UTF-8"?>
<!-- Generated by org.testng.reporters.JUnitReportReporter -->
<testsuite hostname="Venkat" failures="0" tests="1" name="Selenium.Actionss" time="25.006" errors="0" timestamp="2025-01-16T13:29:22 IST" skipped="0">
  <testcase classname="Selenium.Actionss" name="Actionsss" time="25.006"/>
</testsuite> <!-- Selenium.Actionss -->
