<?xml version="1.0" encoding="UTF-8"?>
<!-- Generated by org.testng.reporters.JUnitReportReporter -->
<testsuite hostname="Venkat" failures="0" tests="2" name="TestCase.TestRunner" time="16.223" errors="0" timestamp="2025-01-25T00:34:30 IST" skipped="0">
  <testcase classname="TestCase.TestRunner" name="guruPaymentGwetway" time="16.207"/>
  <system-out/>
  <testcase classname="TestCase.TestRunner" name="Testcase2" time="0.016"/>
  <system-out/>
</testsuite> <!-- TestCase.TestRunner -->
