<?xml version="1.0" encoding="UTF-8"?>
<!-- Generated by org.testng.reporters.JUnitReportReporter -->
<testsuite hostname="Venkat" failures="0" tests="1" name="Selenium.WindowsHandling" time="6.597" errors="0" timestamp="2025-01-16T22:46:09 IST" skipped="0">
  <testcase classname="Selenium.WindowsHandling" name="window" time="6.597"/>
</testsuite> <!-- Selenium.WindowsHandling -->
