<?xml version="1.0" encoding="UTF-8"?>
<!-- Generated by org.testng.reporters.JUnitReportReporter -->
<testsuite hostname="Venkat" failures="0" tests="1" name="Selenium.alert" time="7.504" errors="0" timestamp="2025-01-11T23:13:14 IST" skipped="0">
  <testcase classname="Selenium.alert" name="alertss" time="7.504"/>
</testsuite> <!-- Selenium.alert -->
