<?xml version="1.0" encoding="UTF-8"?>
<!-- Generated by org.testng.reporters.JUnitReportReporter -->
<testsuite hostname="Venkat" failures="0" tests="2" name="Test_Case.TestCase" time="41.845" errors="0" timestamp="2025-01-08T00:04:14 IST" skipped="0">
  <testcase classname="Test_Case.TestCase" name="Testcase1" time="34.732"/>
  <testcase classname="Test_Case.TestCase" name="Testcase2" time="7.113"/>
</testsuite> <!-- Test_Case.TestCase -->
