<?xml version="1.0" encoding="UTF-8"?>
<!-- Generated by org.testng.reporters.JUnitReportReporter -->
<testsuite hostname="Venkat" failures="0" tests="2" name="Selenium_Automation.Browser_Lunch" time="7.657" errors="0" timestamp="2024-11-17T17:01:31 IST" skipped="0">
  <testcase classname="Selenium_Automation.Browser_Lunch" name="testtt" time="0.001"/>
  <system-out/>
  <testcase classname="Selenium_Automation.Browser_Lunch" name="lunch" time="7.656"/>
  <system-out/>
</testsuite> <!-- Selenium_Automation.Browser_Lunch -->
