<?xml version="1.0" encoding="UTF-8"?>
<!-- Generated by org.testng.reporters.JUnitReportReporter -->
<testsuite hostname="Venkat" failures="0" tests="3" name="Testng.Spec03" time="0.017" errors="0" timestamp="2025-01-16T17:35:39 IST" skipped="0">
  <testcase classname="Testng.Spec03" name="test03" time="0.004"/>
  <system-out/>
  <testcase classname="Testng.Spec03" name="test03" time="0.011"/>
  <system-out/>
  <testcase classname="Testng.Spec03" name="test03" time="0.002"/>
  <system-out/>
</testsuite> <!-- Testng.Spec03 -->
