<?xml version="1.0" encoding="UTF-8"?>
<!-- Generated by org.testng.reporters.JUnitReportReporter -->
<testsuite hostname="Venkat" failures="0" tests="2" name="Selenium_Automation.Browser_Launch" time="2.392" errors="0" timestamp="2024-11-23T18:17:38 IST" skipped="0">
  <testcase classname="Selenium_Automation.Browser_Launch" name="lunch" time="2.390"/>
  <system-out/>
  <testcase classname="Selenium_Automation.Browser_Launch" name="testtt" time="0.002"/>
  <system-out/>
</testsuite> <!-- Selenium_Automation.Browser_Launch -->
