<?xml version="1.0" encoding="UTF-8"?>
<!-- Generated by org.testng.reporters.JUnitReportReporter -->
<testsuite hostname="Venkat" failures="0" tests="1" name="TestRunner.uploadFile" time="25.237" errors="0" timestamp="2025-01-11T10:40:02 IST" skipped="0">
  <testcase classname="TestRunner.uploadFile" name="upload" time="25.237"/>
  <system-out/>
</testsuite> <!-- TestRunner.uploadFile -->
