<?xml version="1.0" encoding="UTF-8"?>
<!-- Generated by org.testng.reporters.JUnitReportReporter -->
<testsuite hostname="Venkat" failures="0" tests="6" name="TestRunner.TestCases" time="16.899" errors="0" timestamp="2025-01-22T20:33:55 IST" skipped="0">
  <testcase classname="TestRunner.TestCases" name="Login" time="1.725"/>
  <system-out/>
  <testcase classname="TestRunner.TestCases" name="Search_Hotel" time="2.578"/>
  <system-out/>
  <testcase classname="TestRunner.TestCases" name="Confrom_Hotel" time="1.154"/>
  <system-out/>
  <testcase classname="TestRunner.TestCases" name="Book_Hotel" time="0.998"/>
  <system-out/>
  <testcase classname="TestRunner.TestCases" name="Payments" time="0.952"/>
  <system-out/>
  <testcase classname="TestRunner.TestCases" name="getHotelbookingid" time="9.492"/>
  <system-out/>
</testsuite> <!-- TestRunner.TestCases -->
