<?xml version="1.0" encoding="UTF-8"?>
<!-- Generated by org.testng.reporters.JUnitReportReporter -->
<testsuite hostname="Venkat" failures="0" tests="1" name="TestNg.FlipKart" time="4.249" errors="0" timestamp="2024-12-26T22:58:20 IST" skipped="0">
  <testcase classname="TestNg.FlipKart" name="MobileSelection" time="4.249"/>
  <system-out/>
</testsuite> <!-- TestNg.FlipKart -->
