<?xml version="1.0" encoding="UTF-8"?>
<!-- Generated by org.testng.reporters.JUnitReportReporter -->
<testsuite hostname="Venkat" failures="0" tests="4" name="Sample.Practices_Testng" time="0.010" errors="0" timestamp="2024-12-26T22:58:20 IST" skipped="0">
  <testcase classname="Sample.Practices_Testng" name="Test04" time="0.001"/>
  <system-out/>
  <testcase classname="Sample.Practices_Testng" name="Test01" time="0.007"/>
  <system-out/>
  <testcase classname="Sample.Practices_Testng" name="Test03" time="0.001"/>
  <system-out/>
  <testcase classname="Sample.Practices_Testng" name="Test02" time="0.001"/>
  <system-out/>
</testsuite> <!-- Sample.Practices_Testng -->
