<?xml version="1.0" encoding="UTF-8"?>
<!-- Generated by org.testng.reporters.JUnitReportReporter -->
<testsuite hostname="Venkat" failures="0" tests="3" name="FirstSampleProject.Guru99" time="118.076" errors="0" timestamp="2024-12-29T01:03:51 IST" skipped="0">
  <testcase classname="FirstSampleProject.Guru99" name="add_Customer" time="48.028"/>
  <system-out/>
  <testcase classname="FirstSampleProject.Guru99" name="tariffPlanCustomer" time="55.498"/>
  <system-out/>
  <testcase classname="FirstSampleProject.Guru99" name="payBilling" time="14.550"/>
  <system-out/>
</testsuite> <!-- FirstSampleProject.Guru99 -->
