<?xml version="1.0" encoding="UTF-8"?>
<!-- Generated by org.testng.reporters.JUnitReportReporter -->
<testsuite hostname="Venkat" failures="0" tests="4" name="Practices_Testng" time="0.050" errors="0" timestamp="2024-12-26T09:42:28 IST" skipped="0">
  <testcase classname="Practices_Testng" name="Test01" time="0.024"/>
  <system-out/>
  <testcase classname="Practices_Testng" name="Test03" time="0.012"/>
  <system-out/>
  <testcase classname="Practices_Testng" name="Test04" time="0.010"/>
  <system-out/>
  <testcase classname="Practices_Testng" name="Test02" time="0.004"/>
  <system-out/>
</testsuite> <!-- Practices_Testng -->
