<?xml version="1.0" encoding="UTF-8"?>
<!-- Generated by org.testng.reporters.JUnitReportReporter -->
<testsuite hostname="Venkat" failures="0" tests="2" name="TestNg.Demo_2" time="0.002" errors="0" timestamp="2024-12-26T22:58:20 IST" skipped="0">
  <testcase classname="TestNg.Demo_2" name="Test_Case1" time="0.001"/>
  <system-out/>
  <testcase classname="TestNg.Demo_2" name="Test_case2" time="0.001"/>
  <system-out/>
</testsuite> <!-- TestNg.Demo_2 -->
